[2017-08-04 16:54:33,620 INFO] - org.eclipse.om2m.datamapping.jaxb.Activator 
Starting Data Mapper
[2017-08-04 16:54:33,623 INFO] - org.eclipse.om2m.datamapping.jaxb.Activator 
Registering XML Mapper Service..
[2017-08-04 16:54:41,652 INFO] - org.eclipse.om2m.datamapping.jaxb.Activator 
XML Mapper service registered.
[2017-08-04 16:54:41,653 INFO] - org.eclipse.om2m.datamapping.jaxb.Activator 
Registering JSON Mapper Service..
[2017-08-04 16:54:43,208 INFO] - org.eclipse.om2m.datamapping.jaxb.Activator 
JSON Mapper service registered.
[2017-08-04 16:54:43,723 INFO] - org.eclipse.om2m.binding.coap.Activator 
Register CoAP RestClientService..
[2017-08-04 16:54:43,733 INFO] - org.eclipse.om2m.binding.coap.Activator 
Starting CoAP server
[2017-08-04 16:54:44,000 INFO] - org.eclipse.om2m.binding.coap.Activator 
CseService opened
[2017-08-04 16:54:44,016 INFO] - org.eclipse.om2m.binding.http.Activator 
Register HTTP RestClientService..
[2017-08-04 16:54:44,135 INFO] - org.eclipse.om2m.binding.http.Activator 
HTTP RestClientService is registered.
[2017-08-04 16:54:44,180 INFO] - org.eclipse.om2m.persistence.eclipselink.Activator 
Starting Persistence JPA plugin...
[2017-08-04 16:54:44,182 INFO] - org.eclipse.om2m.binding.http.Activator 
HttpService discovered
[2017-08-04 16:54:44,217 INFO] - org.eclipse.om2m.binding.http.Activator 
Register / context
[2017-08-04 16:54:44,309 INFO] - org.eclipse.om2m.persistence.eclipselink.internal.DBServiceJPAImpl 
Initializing Database...
[2017-08-04 16:54:44,313 INFO] - org.eclipse.om2m.persistence.eclipselink.internal.DBServiceJPAImpl 
Creating new EntityManagerFactory...
[2017-08-04 16:54:45,029 INFO] - org.eclipse.om2m.core.Activator 
Starting CSE...
[2017-08-04 16:54:45,044 INFO] - org.eclipse.om2m.core.Activator 
Added Data Mapper Service: application/xml
[2017-08-04 16:54:45,083 INFO] - org.eclipse.om2m.core.Activator 
Added Data Mapper Service: application/json
[2017-08-04 16:54:45,119 INFO] - org.eclipse.om2m.core.Activator 
Rest client service discovered. Protocol: coap
[2017-08-04 16:54:45,122 INFO] - org.eclipse.om2m.core.Activator 
Rest client service discovered. Protocol: http
[2017-08-04 16:54:45,184 INFO] - org.eclipse.om2m.webapp.resourcesbrowser.xml.Activator 
HttpService discovered
[2017-08-04 16:54:45,188 INFO] - org.eclipse.om2m.webapp.resourcesbrowser.xml.Activator 
Register /webpage http context
[2017-08-04 16:54:53,064 INFO] - org.eclipse.om2m.persistence.eclipselink.internal.DBServiceJPAImpl 
DataBase initialized.
[2017-08-04 16:54:53,147 INFO] - org.eclipse.om2m.persistence.eclipselink.Activator 
Registering Database (JPA-EL) Service
[2017-08-04 16:54:53,148 INFO] - org.eclipse.om2m.core.Activator 
DataBase persistence service discovered
[2017-08-04 16:54:53,163 INFO] - org.eclipse.om2m.core.thread.CoreExecutor 
Creating thread pool with corePoolSize=5 & maximumSize=50
[2017-08-04 16:54:53,173 INFO] - org.eclipse.om2m.core.CSEInitializer 
Initializating the cseBase
[2017-08-04 16:54:53,223 INFO] - org.eclipse.om2m.core.CSEInitializer 
Create AccessControlPolicy resource
[2017-08-04 16:54:53,340 INFO] - org.eclipse.om2m.core.CSEInitializer 
Create CSEBase resource
[2017-08-04 16:54:53,385 INFO] - org.eclipse.om2m.core.CSEInitializer 
Register CSE to another CSE.
[2017-08-04 16:54:53,388 INFO] - org.eclipse.om2m.core.Activator 
Registering CseService...
[2017-08-04 16:54:53,434 INFO] - org.eclipse.om2m.binding.http.Activator 
CseService discovered
[2017-08-04 16:54:53,435 INFO] - org.eclipse.om2m.binding.coap.Activator 
CSE Service discovered
[2017-08-04 16:54:53,438 INFO] - org.eclipse.om2m.core.Activator 
CSE Started
[2017-08-04 16:54:53,481 INFO] - org.eclipse.om2m.core.comm.RestClient 
the requestIndication RC: RequestPrimitive [operation=1,
 to=http://127.0.0.1:8080/~/svm-in-cse,
 from=admin:admin,
 requestIdentifier=001,
 resourceType=16,
 content=<?xml version="1.0" encoding="UTF-8"?>
<m2m:csr xmlns:m2m="http://www.onem2m.org/xml/protocols" rn="svm-mn-cse">
   <poa>http://127.0.0.1:8282/</poa>
   <cb>//om2m.org/svm-mn-cse</cb>
   <csi>/svm-mn-cse</csi>
   <rr>true</rr>
</m2m:csr>
,
 requestContentType=application/xml,
 ]
[2017-08-04 16:54:53,485 INFO] - org.eclipse.om2m.binding.http.RestHttpClient 
Sending request: RequestPrimitive [operation=1,
 to=http://127.0.0.1:8080/~/svm-in-cse,
 from=admin:admin,
 requestIdentifier=001,
 resourceType=16,
 content=<?xml version="1.0" encoding="UTF-8"?>
<m2m:csr xmlns:m2m="http://www.onem2m.org/xml/protocols" rn="svm-mn-cse">
   <poa>http://127.0.0.1:8282/</poa>
   <cb>//om2m.org/svm-mn-cse</cb>
   <csi>/svm-mn-cse</csi>
   <rr>true</rr>
</m2m:csr>
,
 requestContentType=application/xml,
 ]
[2017-08-04 16:54:54,423 INFO] - org.eclipse.om2m.binding.http.RestHttpClient 
Request to be send: POST http://127.0.0.1:8080/~/svm-in-cse HTTP/1.1
[2017-08-04 16:54:54,425 INFO] - org.eclipse.om2m.binding.http.RestHttpClient 
Headers:
Accept: 
X-M2M-RI: 001
X-M2M-Origin: admin:admin
Content-Type: application/xml;ty=16

[2017-08-04 16:54:55,234 INFO] - org.eclipse.om2m.binding.http.RestHttpClient 
Http Client response: ResponsePrimitive [responseStatusCode=2001,
 requestIdentifier=001,
 content=<?xml version="1.0" encoding="UTF-8"?>
<m2m:csr xmlns:m2m="http://www.onem2m.org/xml/protocols" rn="svm-mn-cse">
   <ty>16</ty>
   <ri>/svm-in-cse/csr-78444362</ri>
   <pi>/svm-in-cse</pi>
   <ct>20170804T165454</ct>
   <lt>20170804T165454</lt>
   <acpi>/svm-in-cse/acp-118829929</acpi>
   <poa>http://127.0.0.1:8282/</poa>
   <cb>//om2m.org/svm-mn-cse</cb>
   <csi>/svm-mn-cse</csi>
   <rr>true</rr>
</m2m:csr>

,
 to=admin:admin,
 from=/svm-mn-cse,
 location=/svm-in-cse/csr-78444362,
 contentType=application/xml;charset=ISO-8859-1,
]
[2017-08-04 16:54:55,239 INFO] - org.eclipse.om2m.core.comm.RestClient 
ResponsePrimitive [responseStatusCode=2001,
 requestIdentifier=001,
 content=<?xml version="1.0" encoding="UTF-8"?>
<m2m:csr xmlns:m2m="http://www.onem2m.org/xml/protocols" rn="svm-mn-cse">
   <ty>16</ty>
   <ri>/svm-in-cse/csr-78444362</ri>
   <pi>/svm-in-cse</pi>
   <ct>20170804T165454</ct>
   <lt>20170804T165454</lt>
   <acpi>/svm-in-cse/acp-118829929</acpi>
   <poa>http://127.0.0.1:8282/</poa>
   <cb>//om2m.org/svm-mn-cse</cb>
   <csi>/svm-mn-cse</csi>
   <rr>true</rr>
</m2m:csr>

,
 to=admin:admin,
 from=/svm-mn-cse,
 location=/svm-in-cse/csr-78444362,
 contentType=application/xml;charset=ISO-8859-1,
]
[2017-08-04 16:54:55,243 INFO] - org.eclipse.om2m.core.CSEInitializer 
response after registration: ResponsePrimitive [responseStatusCode=2001,
 requestIdentifier=001,
 content=<?xml version="1.0" encoding="UTF-8"?>
<m2m:csr xmlns:m2m="http://www.onem2m.org/xml/protocols" rn="svm-mn-cse">
   <ty>16</ty>
   <ri>/svm-in-cse/csr-78444362</ri>
   <pi>/svm-in-cse</pi>
   <ct>20170804T165454</ct>
   <lt>20170804T165454</lt>
   <acpi>/svm-in-cse/acp-118829929</acpi>
   <poa>http://127.0.0.1:8282/</poa>
   <cb>//om2m.org/svm-mn-cse</cb>
   <csi>/svm-mn-cse</csi>
   <rr>true</rr>
</m2m:csr>

,
 to=admin:admin,
 from=/svm-mn-cse,
 location=/svm-in-cse/csr-78444362,
 contentType=application/xml;charset=ISO-8859-1,
]
[2017-08-04 16:54:55,249 INFO] - org.eclipse.om2m.core.CSEInitializer 
Successfully registered to svm-in-cse
[2017-08-04 16:57:13,810 INFO] - org.eclipse.om2m.binding.http.RestHttpServlet 
----------------------------------------------------------------------------------------------
[2017-08-04 16:57:13,830 INFO] - org.eclipse.om2m.binding.http.RestHttpServlet 
Built RequestPrimitive: RequestPrimitive [to=/svm-mn-cse,
 content={"m2m:ae":{"rr":"true","api":"SVM_Monitor-ID","rn":"SVM_Monitor"}}
,
 ]
[2017-08-04 16:57:13,834 INFO] - org.eclipse.om2m.binding.http.RestHttpServlet 
Content type headers: application/json;ty=2
[2017-08-04 16:57:13,836 INFO] - org.eclipse.om2m.binding.http.RestHttpServlet 
Header value: application/json
[2017-08-04 16:57:13,836 INFO] - org.eclipse.om2m.binding.http.RestHttpServlet 
Header value: ty=2
[2017-08-04 16:57:13,864 INFO] - org.eclipse.om2m.binding.http.RestHttpServlet 
Accept header: application/json
[2017-08-04 16:57:13,865 INFO] - org.eclipse.om2m.core.router.Router 
Received request in Router: RequestPrimitive [operation=1,
 to=/svm-mn-cse,
 from=admin:admin,
 resourceType=2,
 content={"m2m:ae":{"rr":"true","api":"SVM_Monitor-ID","rn":"SVM_Monitor"}}
,
 returnContentType=application/json,
 requestContentType=application/json,
 queryStrings={}]
[2017-08-04 16:57:13,881 INFO] - org.eclipse.om2m.core.router.Router 
Request handling in the current CSE: /svm-mn-cse
[2017-08-04 16:57:13,901 INFO] - org.eclipse.om2m.core.router.Router 
ResourceController to be used [AEController]
[2017-08-04 16:57:14,228 INFO] - org.eclipse.om2m.core.router.Router 
Response in Router= ResponsePrimitive [responseStatusCode=2001,
 content={
   "m2m:ae" : {
      "rn" : "SVM_Monitor",
      "ty" : 2,
      "ri" : "/svm-mn-cse/CAE700350113",
      "pi" : "/svm-mn-cse",
      "ct" : "20170804T165714",
      "lt" : "20170804T165714",
      "acpi" : [ "/svm-mn-cse/acp-115607888" ],
      "et" : "20180804T165714",
      "api" : "SVM_Monitor-ID",
      "aei" : "CAE700350113",
      "rr" : true
   }
},
 to=admin:admin,
 from=/svm-mn-cse,
 location=/svm-mn-cse/CAE700350113,
 contentType=application/json,
]
[2017-08-04 16:57:14,466 INFO] - org.eclipse.om2m.binding.http.RestHttpServlet 
----------------------------------------------------------------------------------------------
[2017-08-04 16:57:14,467 INFO] - org.eclipse.om2m.binding.http.RestHttpServlet 
Built RequestPrimitive: RequestPrimitive [to=/svm-mn-cse/svm-mn-name/SVM_Monitor,
 content={"m2m:cnt":{"rn":"DATA"}}
,
 ]
[2017-08-04 16:57:14,470 INFO] - org.eclipse.om2m.binding.http.RestHttpServlet 
Content type headers: application/json;ty=3
[2017-08-04 16:57:14,470 INFO] - org.eclipse.om2m.binding.http.RestHttpServlet 
Header value: application/json
[2017-08-04 16:57:14,471 INFO] - org.eclipse.om2m.binding.http.RestHttpServlet 
Header value: ty=3
[2017-08-04 16:57:14,471 INFO] - org.eclipse.om2m.binding.http.RestHttpServlet 
Accept header: application/json
[2017-08-04 16:57:14,472 INFO] - org.eclipse.om2m.core.router.Router 
Received request in Router: RequestPrimitive [operation=1,
 to=/svm-mn-cse/svm-mn-name/SVM_Monitor,
 from=admin:admin,
 resourceType=3,
 content={"m2m:cnt":{"rn":"DATA"}}
,
 returnContentType=application/json,
 requestContentType=application/json,
 queryStrings={}]
[2017-08-04 16:57:14,475 INFO] - org.eclipse.om2m.core.router.Router 
Request handling in the current CSE: /svm-mn-cse/svm-mn-name/SVM_Monitor
[2017-08-04 16:57:14,477 INFO] - org.eclipse.om2m.core.router.Router 
ResourceController to be used [ContainerController]
[2017-08-04 16:57:14,526 INFO] - org.eclipse.om2m.core.router.Router 
Response in Router= ResponsePrimitive [responseStatusCode=2001,
 content={
   "m2m:cnt" : {
      "rn" : "DATA",
      "ty" : 3,
      "ri" : "/svm-mn-cse/cnt-644649260",
      "pi" : "/svm-mn-cse/CAE700350113",
      "ct" : "20170804T165714",
      "lt" : "20170804T165714",
      "acpi" : [ "/svm-mn-cse/acp-115607888" ],
      "et" : "20180804T165714",
      "st" : 0,
      "mni" : 1000,
      "mbs" : 10000,
      "mia" : 0,
      "cni" : 0,
      "cbs" : 0,
      "ol" : "/svm-mn-cse/svm-mn-name/SVM_Monitor/DATA/ol",
      "la" : "/svm-mn-cse/svm-mn-name/SVM_Monitor/DATA/la"
   }
},
 to=admin:admin,
 from=/svm-mn-cse,
 location=/svm-mn-cse/cnt-644649260,
 contentType=application/json,
]
[2017-08-04 16:57:14,609 INFO] - org.eclipse.om2m.binding.http.RestHttpServlet 
----------------------------------------------------------------------------------------------
[2017-08-04 16:57:14,613 INFO] - org.eclipse.om2m.binding.http.RestHttpServlet 
Built RequestPrimitive: RequestPrimitive [to=/svm-mn-cse/svm-mn-name/SVM_Monitor/DATA,
 content={"m2m:cin":{"con":"ciao","cnf":"message"}}
,
 ]
[2017-08-04 16:57:14,613 INFO] - org.eclipse.om2m.binding.http.RestHttpServlet 
Content type headers: application/json;ty=4
[2017-08-04 16:57:14,613 INFO] - org.eclipse.om2m.binding.http.RestHttpServlet 
Header value: application/json
[2017-08-04 16:57:14,613 INFO] - org.eclipse.om2m.binding.http.RestHttpServlet 
Header value: ty=4
[2017-08-04 16:57:14,614 INFO] - org.eclipse.om2m.binding.http.RestHttpServlet 
Accept header: application/json
[2017-08-04 16:57:14,614 INFO] - org.eclipse.om2m.core.router.Router 
Received request in Router: RequestPrimitive [operation=1,
 to=/svm-mn-cse/svm-mn-name/SVM_Monitor/DATA,
 from=admin:admin,
 resourceType=4,
 content={"m2m:cin":{"con":"ciao","cnf":"message"}}
,
 returnContentType=application/json,
 requestContentType=application/json,
 queryStrings={}]
[2017-08-04 16:57:14,624 INFO] - org.eclipse.om2m.core.router.Router 
Request handling in the current CSE: /svm-mn-cse/svm-mn-name/SVM_Monitor/DATA
[2017-08-04 16:57:14,628 INFO] - org.eclipse.om2m.core.router.Router 
ResourceController to be used [ContentInstanceController]
[2017-08-04 16:57:14,697 INFO] - org.eclipse.om2m.core.router.Router 
Response in Router= ResponsePrimitive [responseStatusCode=2001,
 content={
   "m2m:cin" : {
      "rn" : "cin_757144150",
      "ty" : 4,
      "ri" : "/svm-mn-cse/cin-757144150",
      "pi" : "/svm-mn-cse/cnt-644649260",
      "ct" : "20170804T165714",
      "lt" : "20170804T165714",
      "st" : 0,
      "cnf" : "message",
      "cs" : 4,
      "con" : "ciao"
   }
},
 to=admin:admin,
 from=/svm-mn-cse,
 location=/svm-mn-cse/cin-757144150,
 contentType=application/json,
]
[2017-08-04 16:57:37,496 INFO] - org.eclipse.om2m.binding.http.RestHttpServlet 
----------------------------------------------------------------------------------------------
[2017-08-04 16:57:37,512 INFO] - org.eclipse.om2m.binding.http.RestHttpServlet 
Built RequestPrimitive: RequestPrimitive [to=/svm-mn-cse,
 resultContent=5,
 ]
[2017-08-04 16:57:37,513 INFO] - org.eclipse.om2m.binding.http.RestHttpServlet 
Content type headers: application/xml
[2017-08-04 16:57:37,513 INFO] - org.eclipse.om2m.binding.http.RestHttpServlet 
Header value: application/xml
[2017-08-04 16:57:37,514 INFO] - org.eclipse.om2m.binding.http.RestHttpServlet 
Accept header: application/xml
[2017-08-04 16:57:37,515 INFO] - org.eclipse.om2m.core.router.Router 
Received request in Router: RequestPrimitive [operation=2,
 to=/svm-mn-cse,
 from=admin:admin,
 resultContent=5,
 returnContentType=application/xml,
 requestContentType=application/xml,
 queryStrings={rcn=[5]}]
[2017-08-04 16:57:37,516 INFO] - org.eclipse.om2m.core.router.Router 
Request handling in the current CSE: /svm-mn-cse
[2017-08-04 16:57:37,517 INFO] - org.eclipse.om2m.core.router.Router 
ResourceController to be used [CSEBaseController]
[2017-08-04 16:57:37,538 INFO] - org.eclipse.om2m.core.router.Router 
Response in Router= ResponsePrimitive [responseStatusCode=2000,
 content=<?xml version="1.0" encoding="UTF-8"?>
<m2m:cb xmlns:m2m="http://www.onem2m.org/xml/protocols" rn="svm-mn-name">
   <ty>5</ty>
   <ri>/svm-mn-cse</ri>
   <ct>20170804T165453</ct>
   <lt>20170804T165453</lt>
   <acpi>/svm-mn-cse/acp-122159475</acpi>
   <cst>1</cst>
   <csi>svm-mn-cse</csi>
   <srt>1 2 3 4 5 9 14 15 16 17 23</srt>
   <poa>http://127.0.0.1:8282/</poa>
   <ch rn="acp_admin" ty="1">/svm-mn-cse/acp-122159475</ch>
   <ch rn="acpae-700350113" ty="1">/svm-mn-cse/acp-115607888</ch>
   <ch rn="SVM_Monitor" ty="2">/svm-mn-cse/CAE700350113</ch>
   <ch rn="svm-in-name" ty="16">/svm-mn-cse/csr-178765824</ch>
</m2m:cb>
,
 to=admin:admin,
 from=/svm-mn-cse,
 contentType=application/xml,
]
[2017-08-04 16:57:39,193 INFO] - org.eclipse.om2m.binding.http.RestHttpServlet 
----------------------------------------------------------------------------------------------
[2017-08-04 16:57:39,194 INFO] - org.eclipse.om2m.binding.http.RestHttpServlet 
Built RequestPrimitive: RequestPrimitive [to=/svm-mn-cse/CAE700350113,
 resultContent=5,
 ]
[2017-08-04 16:57:39,195 INFO] - org.eclipse.om2m.binding.http.RestHttpServlet 
Content type headers: application/xml
[2017-08-04 16:57:39,196 INFO] - org.eclipse.om2m.binding.http.RestHttpServlet 
Header value: application/xml
[2017-08-04 16:57:39,196 INFO] - org.eclipse.om2m.binding.http.RestHttpServlet 
Accept header: application/xml
[2017-08-04 16:57:39,197 INFO] - org.eclipse.om2m.core.router.Router 
Received request in Router: RequestPrimitive [operation=2,
 to=/svm-mn-cse/CAE700350113,
 from=admin:admin,
 resultContent=5,
 returnContentType=application/xml,
 requestContentType=application/xml,
 queryStrings={rcn=[5]}]
[2017-08-04 16:57:39,199 INFO] - org.eclipse.om2m.core.router.Router 
Request handling in the current CSE: /svm-mn-cse/CAE700350113
[2017-08-04 16:57:39,200 INFO] - org.eclipse.om2m.core.router.Router 
ResourceController to be used [AEController]
[2017-08-04 16:57:39,225 INFO] - org.eclipse.om2m.core.router.Router 
Response in Router= ResponsePrimitive [responseStatusCode=2000,
 content=<?xml version="1.0" encoding="UTF-8"?>
<m2m:ae xmlns:m2m="http://www.onem2m.org/xml/protocols" rn="SVM_Monitor">
   <ty>2</ty>
   <ri>/svm-mn-cse/CAE700350113</ri>
   <pi>/svm-mn-cse</pi>
   <ct>20170804T165714</ct>
   <lt>20170804T165714</lt>
   <acpi>/svm-mn-cse/acp-115607888</acpi>
   <et>20180804T165714</et>
   <api>SVM_Monitor-ID</api>
   <aei>CAE700350113</aei>
   <ch rn="DATA" ty="3">/svm-mn-cse/cnt-644649260</ch>
   <rr>true</rr>
</m2m:ae>
,
 to=admin:admin,
 from=/svm-mn-cse,
 contentType=application/xml,
]
[2017-08-04 16:57:39,872 INFO] - org.eclipse.om2m.binding.http.RestHttpServlet 
----------------------------------------------------------------------------------------------
[2017-08-04 16:57:39,879 INFO] - org.eclipse.om2m.binding.http.RestHttpServlet 
Built RequestPrimitive: RequestPrimitive [to=/svm-mn-cse/cnt-644649260,
 resultContent=5,
 ]
[2017-08-04 16:57:39,879 INFO] - org.eclipse.om2m.binding.http.RestHttpServlet 
Content type headers: application/xml
[2017-08-04 16:57:39,880 INFO] - org.eclipse.om2m.binding.http.RestHttpServlet 
Header value: application/xml
[2017-08-04 16:57:39,880 INFO] - org.eclipse.om2m.binding.http.RestHttpServlet 
Accept header: application/xml
[2017-08-04 16:57:39,880 INFO] - org.eclipse.om2m.core.router.Router 
Received request in Router: RequestPrimitive [operation=2,
 to=/svm-mn-cse/cnt-644649260,
 from=admin:admin,
 resultContent=5,
 returnContentType=application/xml,
 requestContentType=application/xml,
 queryStrings={rcn=[5]}]
[2017-08-04 16:57:39,881 INFO] - org.eclipse.om2m.core.router.Router 
Request handling in the current CSE: /svm-mn-cse/cnt-644649260
[2017-08-04 16:57:39,882 INFO] - org.eclipse.om2m.core.router.Router 
ResourceController to be used [ContainerController]
[2017-08-04 16:57:39,900 INFO] - org.eclipse.om2m.core.router.Router 
Response in Router= ResponsePrimitive [responseStatusCode=2000,
 content=<?xml version="1.0" encoding="UTF-8"?>
<m2m:cnt xmlns:m2m="http://www.onem2m.org/xml/protocols" rn="DATA">
   <ty>3</ty>
   <ri>/svm-mn-cse/cnt-644649260</ri>
   <pi>/svm-mn-cse/CAE700350113</pi>
   <ct>20170804T165714</ct>
   <lt>20170804T165714</lt>
   <acpi>/svm-mn-cse/acp-115607888</acpi>
   <et>20180804T165714</et>
   <st>1</st>
   <mni>1000</mni>
   <mbs>10000</mbs>
   <mia>0</mia>
   <cni>1</cni>
   <cbs>4</cbs>
   <ch rn="cin_757144150" ty="4">/svm-mn-cse/cin-757144150</ch>
   <ol>/svm-mn-cse/svm-mn-name/SVM_Monitor/DATA/ol</ol>
   <la>/svm-mn-cse/svm-mn-name/SVM_Monitor/DATA/la</la>
</m2m:cnt>
,
 to=admin:admin,
 from=/svm-mn-cse,
 contentType=application/xml,
]
[2017-08-04 16:57:40,612 INFO] - org.eclipse.om2m.binding.http.RestHttpServlet 
----------------------------------------------------------------------------------------------
[2017-08-04 16:57:40,615 INFO] - org.eclipse.om2m.binding.http.RestHttpServlet 
Built RequestPrimitive: RequestPrimitive [to=/svm-mn-cse/cin-757144150,
 resultContent=5,
 ]
[2017-08-04 16:57:40,616 INFO] - org.eclipse.om2m.binding.http.RestHttpServlet 
Content type headers: application/xml
[2017-08-04 16:57:40,617 INFO] - org.eclipse.om2m.binding.http.RestHttpServlet 
Header value: application/xml
[2017-08-04 16:57:40,619 INFO] - org.eclipse.om2m.binding.http.RestHttpServlet 
Accept header: application/xml
[2017-08-04 16:57:40,620 INFO] - org.eclipse.om2m.core.router.Router 
Received request in Router: RequestPrimitive [operation=2,
 to=/svm-mn-cse/cin-757144150,
 from=admin:admin,
 resultContent=5,
 returnContentType=application/xml,
 requestContentType=application/xml,
 queryStrings={rcn=[5]}]
[2017-08-04 16:57:40,621 INFO] - org.eclipse.om2m.core.router.Router 
Request handling in the current CSE: /svm-mn-cse/cin-757144150
[2017-08-04 16:57:40,622 INFO] - org.eclipse.om2m.core.router.Router 
ResourceController to be used [ContentInstanceController]
[2017-08-04 16:57:40,630 INFO] - org.eclipse.om2m.core.router.Router 
Response in Router= ResponsePrimitive [responseStatusCode=2000,
 content=<?xml version="1.0" encoding="UTF-8"?>
<m2m:cin xmlns:m2m="http://www.onem2m.org/xml/protocols" rn="cin_757144150">
   <ty>4</ty>
   <ri>/svm-mn-cse/cin-757144150</ri>
   <pi>/svm-mn-cse/cnt-644649260</pi>
   <ct>20170804T165714</ct>
   <lt>20170804T165714</lt>
   <st>0</st>
   <cnf>message</cnf>
   <cs>4</cs>
   <con>ciao</con>
</m2m:cin>
,
 to=admin:admin,
 from=/svm-mn-cse,
 contentType=application/xml,
]
